build/app/intermediates/manifest_merge_blame_file/debug/manifest-merger-blame-debug-report.txt
1<?xml version="1.0" encoding="utf-8"?>
2<manifest xmlns:android="http://schemas.android.com/apk/res/android"
3    package="com.example.naver_map_test"
4    android:versionCode="2"
5    android:versionName="1.0.2" >
6
7    <uses-sdk
8        android:minSdkVersion="16"
9        android:targetSdkVersion="31" />
10    <!--
11         The INTERNET permission is required for development. Specifically,
12         the Flutter tool needs it to communicate with the running application
13         to allow setting breakpoints, to provide hot reload, etc.
14    -->
15    <uses-permission android:name="android.permission.INTERNET" />
15-->src\debug\AndroidManifest.xml:7:5-66
15-->src\debug\AndroidManifest.xml:7:22-64
16    <uses-permission android:name="android.permission.ACCESS_FINE_LOCATION" />
16-->src\main\AndroidManifest.xml:3:4-77
16-->src\main\AndroidManifest.xml:3:21-75
17
18    <uses-feature
18-->[com.naver.maps:map-sdk:3.9.1] AndroidManifest.xml:11:5-13:35
19        android:glEsVersion="0x00020000"
19-->[com.naver.maps:map-sdk:3.9.1] AndroidManifest.xml:12:9-41
20        android:required="true" />
20-->[com.naver.maps:map-sdk:3.9.1] AndroidManifest.xml:13:9-32
21    <uses-feature
21-->[com.naver.maps:map-sdk:3.9.1] AndroidManifest.xml:14:5-16:36
22        android:name="android.hardware.wifi"
22-->[com.naver.maps:map-sdk:3.9.1] AndroidManifest.xml:15:9-45
23        android:required="false" />
23-->[com.naver.maps:map-sdk:3.9.1] AndroidManifest.xml:16:9-33
24
25    <uses-permission android:name="android.permission.ACCESS_NETWORK_STATE" />
25-->[com.naver.maps:map-sdk:3.9.1] AndroidManifest.xml:19:5-79
25-->[com.naver.maps:map-sdk:3.9.1] AndroidManifest.xml:19:22-76
26    <uses-permission android:name="android.permission.ACCESS_WIFI_STATE" />
26-->[com.naver.maps:map-sdk:3.9.1] AndroidManifest.xml:20:5-76
26-->[com.naver.maps:map-sdk:3.9.1] AndroidManifest.xml:20:22-73
27
28    <application
29        android:name="android.app.Application"
30        android:appComponentFactory="androidx.core.app.CoreComponentFactory"
30-->[androidx.core:core:1.6.0] AndroidManifest.xml:24:18-86
31        android:debuggable="true"
32        android:icon="@mipmap/ic_launcher"
33        android:label="naver_map_test" >
34        <activity
35            android:name="com.example.naver_map_test.MainActivity"
36            android:configChanges="orientation|keyboardHidden|keyboard|screenSize|smallestScreenSize|locale|layoutDirection|fontScale|screenLayout|density|uiMode"
37            android:exported="true"
38            android:hardwareAccelerated="true"
39            android:launchMode="singleTop"
40            android:theme="@style/LaunchTheme"
41            android:windowSoftInputMode="adjustResize" >
42
43            <!--
44                 Specifies an Android theme to apply to this Activity as soon as
45                 the Android process has started. This theme is visible to the user
46                 while the Flutter UI initializes. After that, this theme continues
47                 to determine the Window background behind the Flutter UI.
48            -->
49            <meta-data
50                android:name="io.flutter.embedding.android.NormalTheme"
51                android:resource="@style/NormalTheme" />
52
53            <intent-filter>
54                <action android:name="android.intent.action.MAIN" />
55
56                <category android:name="android.intent.category.LAUNCHER" />
57            </intent-filter>
58        </activity>
59        <!--
60             Don't delete the meta-data below.
61             This is used by the Flutter tool to generate GeneratedPluginRegistrant.java
62        -->
63        <meta-data
64            android:name="flutterEmbedding"
65            android:value="2" />
66        <meta-data
67            android:name="com.naver.maps.map.CLIENT_ID"
68            android:value="e8u1jhonua" />
69
70        <uses-library
70-->[androidx.window:window:1.0.0-beta04] AndroidManifest.xml:25:9-27:40
71            android:name="androidx.window.extensions"
71-->[androidx.window:window:1.0.0-beta04] AndroidManifest.xml:26:13-54
72            android:required="false" />
72-->[androidx.window:window:1.0.0-beta04] AndroidManifest.xml:27:13-37
73        <uses-library
73-->[androidx.window:window:1.0.0-beta04] AndroidManifest.xml:28:9-30:40
74            android:name="androidx.window.sidecar"
74-->[androidx.window:window:1.0.0-beta04] AndroidManifest.xml:29:13-51
75            android:required="false" />
75-->[androidx.window:window:1.0.0-beta04] AndroidManifest.xml:30:13-37
76
77        <activity
77-->[com.naver.maps:map-sdk:3.9.1] AndroidManifest.xml:23:9-27:51
78            android:name="com.naver.maps.map.app.LegendActivity"
78-->[com.naver.maps:map-sdk:3.9.1] AndroidManifest.xml:24:13-65
79            android:configChanges="screenSize|smallestScreenSize|screenLayout|orientation"
79-->[com.naver.maps:map-sdk:3.9.1] AndroidManifest.xml:25:13-91
80            android:label="@string/navermap_legend"
80-->[com.naver.maps:map-sdk:3.9.1] AndroidManifest.xml:26:13-52
81            android:theme="@style/navermap_app" />
81-->[com.naver.maps:map-sdk:3.9.1] AndroidManifest.xml:27:13-48
82        <activity
82-->[com.naver.maps:map-sdk:3.9.1] AndroidManifest.xml:28:9-32:51
83            android:name="com.naver.maps.map.app.LegalNoticeActivity"
83-->[com.naver.maps:map-sdk:3.9.1] AndroidManifest.xml:29:13-70
84            android:configChanges="screenSize|smallestScreenSize|screenLayout|orientation"
84-->[com.naver.maps:map-sdk:3.9.1] AndroidManifest.xml:30:13-91
85            android:label="@string/navermap_legal_notice"
85-->[com.naver.maps:map-sdk:3.9.1] AndroidManifest.xml:31:13-58
86            android:theme="@style/navermap_app" />
86-->[com.naver.maps:map-sdk:3.9.1] AndroidManifest.xml:32:13-48
87        <activity
87-->[com.naver.maps:map-sdk:3.9.1] AndroidManifest.xml:33:9-37:51
88            android:name="com.naver.maps.map.app.OpenSourceLicenseActivity"
88-->[com.naver.maps:map-sdk:3.9.1] AndroidManifest.xml:34:13-76
89            android:configChanges="screenSize|smallestScreenSize|screenLayout|orientation"
89-->[com.naver.maps:map-sdk:3.9.1] AndroidManifest.xml:35:13-91
90            android:label="@string/navermap_open_source_license"
90-->[com.naver.maps:map-sdk:3.9.1] AndroidManifest.xml:36:13-65
91            android:theme="@style/navermap_app" />
91-->[com.naver.maps:map-sdk:3.9.1] AndroidManifest.xml:37:13-48
92        <activity
92-->[com.google.android.gms:play-services-base:17.5.0] AndroidManifest.xml:23:9-26:75
93            android:name="com.google.android.gms.common.api.GoogleApiActivity"
93-->[com.google.android.gms:play-services-base:17.5.0] AndroidManifest.xml:24:13-79
94            android:exported="false"
94-->[com.google.android.gms:play-services-base:17.5.0] AndroidManifest.xml:25:13-37
95            android:theme="@android:style/Theme.Translucent.NoTitleBar" />
95-->[com.google.android.gms:play-services-base:17.5.0] AndroidManifest.xml:26:13-72
96
97        <meta-data
97-->[com.google.android.gms:play-services-basement:17.5.0] AndroidManifest.xml:23:9-25:69
98            android:name="com.google.android.gms.version"
98-->[com.google.android.gms:play-services-basement:17.5.0] AndroidManifest.xml:24:13-58
99            android:value="@integer/google_play_services_version" />
99-->[com.google.android.gms:play-services-basement:17.5.0] AndroidManifest.xml:25:13-66
100    </application>
101
102</manifest>